# JRE version: OpenJDK Runtime Environment (11.0.11+9) (build 11.0.11+9-b60-7590822)
# Java VM: OpenJDK 64-Bit Server VM (11.0.11+9-b60-7590822, mixed mode, tiered, compressed oops, g1 gc, windows-amd64)
Heap:
 garbage-first heap   total 260096K, used 134281K [0x0000000080000000, 0x0000000100000000)
  region size 1024K, 32 young (32768K), 1 survivors (1024K)
 Metaspace       used 127700K, capacity 132285K, committed 132636K, reserved 1165312K
  class space    used 15478K, capacity 17162K, committed 17280K, reserved 1048576K
GC Heap History (20 events):
Event: 8042.482 GC heap before
{Heap before GC invocations=177 (full 0):
 garbage-first heap   total 260096K, used 107425K [0x0000000080000000, 0x0000000100000000)
  region size 1024K, 12 young (12288K), 8 survivors (8192K)
 Metaspace       used 127436K, capacity 132023K, committed 132380K, reserved 1165312K
  class space    used 15477K, capacity 17162K, committed 17280K, reserved 1048576K
}
Event: 8042.487 GC heap after
{Heap after GC invocations=178 (full 0):
 garbage-first heap   total 260096K, used 96529K [0x0000000080000000, 0x0000000100000000)
  region size 1024K, 2 young (2048K), 2 survivors (2048K)
 Metaspace       used 127436K, capacity 132023K, committed 132380K, reserved 1165312K
  class space    used 15477K, capacity 17162K, committed 17280K, reserved 1048576K
}
Event: 8042.591 GC heap before
{Heap before GC invocations=178 (full 0):
 garbage-first heap   total 260096K, used 112913K [0x0000000080000000, 0x0000000100000000)
  region size 1024K, 20 young (20480K), 2 survivors (2048K)
 Metaspace       used 127440K, capacity 132023K, committed 132380K, reserved 1165312K
  class space    used 15477K, capacity 17162K, committed 17280K, reserved 1048576K
}
Event: 8042.594 GC heap after
{Heap after GC invocations=179 (full 0):
 garbage-first heap   total 260096K, used 95931K [0x0000000080000000, 0x0000000100000000)
  region size 1024K, 1 young (1024K), 1 survivors (1024K)
 Metaspace       used 127440K, capacity 132023K, committed 132380K, reserved 1165312K
  class space    used 15477K, capacity 17162K, committed 17280K, reserved 1048576K
}
Event: 8104.188 GC heap before
{Heap before GC invocations=180 (full 0):
 garbage-first heap   total 260096K, used 206523K [0x0000000080000000, 0x0000000100000000)
  region size 1024K, 101 young (103424K), 1 survivors (1024K)
 Metaspace       used 127450K, capacity 132023K, committed 132380K, reserved 1165312K
  class space    used 15478K, capacity 17162K, committed 17280K, reserved 1048576K
}
Event: 8104.191 GC heap after
{Heap after GC invocations=181 (full 0):
 garbage-first heap   total 260096K, used 105575K [0x0000000080000000, 0x0000000100000000)
  region size 1024K, 7 young (7168K), 7 survivors (7168K)
 Metaspace       used 127450K, capacity 132023K, committed 132380K, reserved 1165312K
  class space    used 15478K, capacity 17162K, committed 17280K, reserved 1048576K
}
Event: 8104.199 GC heap before
{Heap before GC invocations=181 (full 0):
 garbage-first heap   total 260096K, used 110695K [0x0000000080000000, 0x0000000100000000)
  region size 1024K, 12 young (12288K), 7 survivors (7168K)
 Metaspace       used 127453K, capacity 132023K, committed 132380K, reserved 1165312K
  class space    used 15478K, capacity 17162K, committed 17280K, reserved 1048576K
}
Event: 8104.204 GC heap after
{Heap after GC invocations=182 (full 0):
 garbage-first heap   total 260096K, used 97225K [0x0000000080000000, 0x0000000100000000)
  region size 1024K, 1 young (1024K), 1 survivors (1024K)
 Metaspace       used 127453K, capacity 132023K, committed 132380K, reserved 1165312K
  class space    used 15478K, capacity 17162K, committed 17280K, reserved 1048576K
}
Event: 8104.326 GC heap before
{Heap before GC invocations=182 (full 0):
 garbage-first heap   total 260096K, used 118729K [0x0000000080000000, 0x0000000100000000)
  region size 1024K, 23 young (23552K), 1 survivors (1024K)
 Metaspace       used 127456K, capacity 132023K, committed 132380K, reserved 1165312K
  class space    used 15478K, capacity 17162K, committed 17280K, reserved 1048576K
}
Event: 8104.329 GC heap after
{Heap after GC invocations=183 (full 0):
 garbage-first heap   total 260096K, used 97346K [0x0000000080000000, 0x0000000100000000)
  region size 1024K, 1 young (1024K), 1 survivors (1024K)
 Metaspace       used 127456K, capacity 132023K, committed 132380K, reserved 1165312K
  class space    used 15478K, capacity 17162K, committed 17280K, reserved 1048576K
}
Event: 8325.616 GC heap before
{Heap before GC invocations=184 (full 0):
 garbage-first heap   total 260096K, used 212034K [0x0000000080000000, 0x0000000100000000)
  region size 1024K, 106 young (108544K), 1 survivors (1024K)
 Metaspace       used 127473K, capacity 132023K, committed 132380K, reserved 1165312K
  class space    used 15478K, capacity 17162K, committed 17280K, reserved 1048576K
}
Event: 8325.621 GC heap after
{Heap after GC invocations=185 (full 0):
 garbage-first heap   total 260096K, used 105312K [0x0000000080000000, 0x0000000100000000)
  region size 1024K, 8 young (8192K), 8 survivors (8192K)
 Metaspace       used 127473K, capacity 132023K, committed 132380K, reserved 1165312K
  class space    used 15478K, capacity 17162K, committed 17280K, reserved 1048576K
}
Event: 8325.627 GC heap before
{Heap before GC invocations=185 (full 0):
 garbage-first heap   total 260096K, used 108384K [0x0000000080000000, 0x0000000100000000)
  region size 1024K, 12 young (12288K), 8 survivors (8192K)
 Metaspace       used 127473K, capacity 132023K, committed 132380K, reserved 1165312K
  class space    used 15478K, capacity 17162K, committed 17280K, reserved 1048576K
}
Event: 8325.632 GC heap after
{Heap after GC invocations=186 (full 0):
 garbage-first heap   total 260096K, used 97214K [0x0000000080000000, 0x0000000100000000)
  region size 1024K, 1 young (1024K), 1 survivors (1024K)
 Metaspace       used 127473K, capacity 132023K, committed 132380K, reserved 1165312K
  class space    used 15478K, capacity 17162K, committed 17280K, reserved 1048576K
}
Event: 8325.762 GC heap before
{Heap before GC invocations=186 (full 0):
 garbage-first heap   total 260096K, used 119742K [0x0000000080000000, 0x0000000100000000)
  region size 1024K, 25 young (25600K), 1 survivors (1024K)
 Metaspace       used 127474K, capacity 132023K, committed 132380K, reserved 1165312K
  class space    used 15478K, capacity 17162K, committed 17280K, reserved 1048576K
}
Event: 8325.764 GC heap after
{Heap after GC invocations=187 (full 0):
 garbage-first heap   total 260096K, used 97361K [0x0000000080000000, 0x0000000100000000)
  region size 1024K, 1 young (1024K), 1 survivors (1024K)
 Metaspace       used 127474K, capacity 132023K, committed 132380K, reserved 1165312K
  class space    used 15478K, capacity 17162K, committed 17280K, reserved 1048576K
}
Event: 8412.229 GC heap before
{Heap before GC invocations=188 (full 0):
 garbage-first heap   total 260096K, used 217169K [0x0000000080000000, 0x0000000100000000)
  region size 1024K, 110 young (112640K), 1 survivors (1024K)
 Metaspace       used 127700K, capacity 132285K, committed 132636K, reserved 1165312K
  class space    used 15478K, capacity 17162K, committed 17280K, reserved 1048576K
}
Event: 8412.233 GC heap after
{Heap after GC invocations=189 (full 0):
 garbage-first heap   total 260096K, used 109119K [0x0000000080000000, 0x0000000100000000)
  region size 1024K, 11 young (11264K), 11 survivors (11264K)
 Metaspace       used 127700K, capacity 132285K, committed 132636K, reserved 1165312K
  class space    used 15478K, capacity 17162K, committed 17280K, reserved 1048576K
}
Event: 8412.235 GC heap before
{Heap before GC invocations=189 (full 0):
 garbage-first heap   total 260096K, used 110143K [0x0000000080000000, 0x0000000100000000)
  region size 1024K, 12 young (12288K), 11 survivors (11264K)
 Metaspace       used 127700K, capacity 132285K, committed 132636K, reserved 1165312K
  class space    used 15478K, capacity 17162K, committed 17280K, reserved 1048576K
}
Event: 8412.241 GC heap after
{Heap after GC invocations=190 (full 0):
 garbage-first heap   total 260096K, used 103561K [0x0000000080000000, 0x0000000100000000)
  region size 1024K, 1 young (1024K), 1 survivors (1024K)
 Metaspace       used 127700K, capacity 132285K, committed 132636K, reserved 1165312K
  class space    used 15478K, capacity 17162K, committed 17280K, reserved 1048576K
}

