# JRE version: OpenJDK Runtime Environment (11.0.11+9) (build 11.0.11+9-b60-7590822)
# Java VM: OpenJDK 64-Bit Server VM (11.0.11+9-b60-7590822, mixed mode, tiered, compressed oops, g1 gc, windows-amd64)
Heap:
 garbage-first heap   total 260096K, used 140499K [0x0000000080000000, 0x0000000100000000)
  region size 1024K, 37 young (37888K), 8 survivors (8192K)
 Metaspace       used 119394K, capacity 123222K, committed 123576K, reserved 1157120K
  class space    used 14893K, capacity 16328K, committed 16564K, reserved 1048576K
GC Heap History (20 events):
Event: 797.609 GC heap before
{Heap before GC invocations=28 (full 0):
 garbage-first heap   total 260096K, used 218055K [0x0000000080000000, 0x0000000100000000)
  region size 1024K, 117 young (119808K), 11 survivors (11264K)
 Metaspace       used 117858K, capacity 121599K, committed 122040K, reserved 1155072K
  class space    used 14877K, capacity 16303K, committed 16564K, reserved 1048576K
}
Event: 797.614 GC heap after
{Heap after GC invocations=29 (full 0):
 garbage-first heap   total 260096K, used 101207K [0x0000000080000000, 0x0000000100000000)
  region size 1024K, 7 young (7168K), 7 survivors (7168K)
 Metaspace       used 117858K, capacity 121599K, committed 122040K, reserved 1155072K
  class space    used 14877K, capacity 16303K, committed 16564K, reserved 1048576K
}
Event: 802.606 GC heap before
{Heap before GC invocations=29 (full 0):
 garbage-first heap   total 260096K, used 211799K [0x0000000080000000, 0x0000000100000000)
  region size 1024K, 114 young (116736K), 7 survivors (7168K)
 Metaspace       used 118171K, capacity 121874K, committed 122296K, reserved 1155072K
  class space    used 14877K, capacity 16303K, committed 16564K, reserved 1048576K
}
Event: 802.612 GC heap after
{Heap after GC invocations=30 (full 0):
 garbage-first heap   total 260096K, used 113204K [0x0000000080000000, 0x0000000100000000)
  region size 1024K, 15 young (15360K), 15 survivors (15360K)
 Metaspace       used 118171K, capacity 121874K, committed 122296K, reserved 1155072K
  class space    used 14877K, capacity 16303K, committed 16564K, reserved 1048576K
}
Event: 908.658 GC heap before
{Heap before GC invocations=30 (full 0):
 garbage-first heap   total 260096K, used 214580K [0x0000000080000000, 0x0000000100000000)
  region size 1024K, 108 young (110592K), 15 survivors (15360K)
 Metaspace       used 118461K, capacity 122168K, committed 122552K, reserved 1155072K
  class space    used 14879K, capacity 16307K, committed 16564K, reserved 1048576K
}
Event: 908.665 GC heap after
{Heap after GC invocations=31 (full 0):
 garbage-first heap   total 260096K, used 116283K [0x0000000080000000, 0x0000000100000000)
  region size 1024K, 6 young (6144K), 6 survivors (6144K)
 Metaspace       used 118461K, capacity 122168K, committed 122552K, reserved 1155072K
  class space    used 14879K, capacity 16307K, committed 16564K, reserved 1048576K
}
Event: 909.107 GC heap before
{Heap before GC invocations=31 (full 0):
 garbage-first heap   total 260096K, used 210491K [0x0000000080000000, 0x0000000100000000)
  region size 1024K, 97 young (99328K), 6 survivors (6144K)
 Metaspace       used 118680K, capacity 122494K, committed 122808K, reserved 1155072K
  class space    used 14879K, capacity 16307K, committed 16564K, reserved 1048576K
}
Event: 909.111 GC heap after
{Heap after GC invocations=32 (full 0):
 garbage-first heap   total 260096K, used 122049K [0x0000000080000000, 0x0000000100000000)
  region size 1024K, 9 young (9216K), 9 survivors (9216K)
 Metaspace       used 118680K, capacity 122494K, committed 122808K, reserved 1155072K
  class space    used 14879K, capacity 16307K, committed 16564K, reserved 1048576K
}
Event: 909.177 GC heap before
{Heap before GC invocations=32 (full 0):
 garbage-first heap   total 260096K, used 134337K [0x0000000080000000, 0x0000000100000000)
  region size 1024K, 18 young (18432K), 9 survivors (9216K)
 Metaspace       used 118681K, capacity 122494K, committed 122808K, reserved 1155072K
  class space    used 14879K, capacity 16307K, committed 16564K, reserved 1048576K
}
Event: 909.183 GC heap after
{Heap after GC invocations=33 (full 0):
 garbage-first heap   total 260096K, used 124706K [0x0000000080000000, 0x0000000100000000)
  region size 1024K, 5 young (5120K), 5 survivors (5120K)
 Metaspace       used 118681K, capacity 122494K, committed 122808K, reserved 1155072K
  class space    used 14879K, capacity 16307K, committed 16564K, reserved 1048576K
}
Event: 953.528 GC heap before
{Heap before GC invocations=34 (full 0):
 garbage-first heap   total 260096K, used 216866K [0x0000000080000000, 0x0000000100000000)
  region size 1024K, 91 young (93184K), 5 survivors (5120K)
 Metaspace       used 118843K, capacity 122560K, committed 123064K, reserved 1157120K
  class space    used 14880K, capacity 16307K, committed 16564K, reserved 1048576K
}
Event: 953.532 GC heap after
{Heap after GC invocations=35 (full 0):
 garbage-first heap   total 260096K, used 126801K [0x0000000080000000, 0x0000000100000000)
  region size 1024K, 9 young (9216K), 9 survivors (9216K)
 Metaspace       used 118843K, capacity 122560K, committed 123064K, reserved 1157120K
  class space    used 14880K, capacity 16307K, committed 16564K, reserved 1048576K
}
Event: 953.541 GC heap before
{Heap before GC invocations=35 (full 0):
 garbage-first heap   total 260096K, used 129873K [0x0000000080000000, 0x0000000100000000)
  region size 1024K, 12 young (12288K), 9 survivors (9216K)
 Metaspace       used 118845K, capacity 122560K, committed 123064K, reserved 1157120K
  class space    used 14880K, capacity 16307K, committed 16564K, reserved 1048576K
}
Event: 953.547 GC heap after
{Heap after GC invocations=36 (full 0):
 garbage-first heap   total 260096K, used 104056K [0x0000000080000000, 0x0000000100000000)
  region size 1024K, 2 young (2048K), 2 survivors (2048K)
 Metaspace       used 118845K, capacity 122560K, committed 123064K, reserved 1157120K
  class space    used 14880K, capacity 16307K, committed 16564K, reserved 1048576K
}
Event: 996.002 GC heap before
{Heap before GC invocations=36 (full 0):
 garbage-first heap   total 260096K, used 209528K [0x0000000080000000, 0x0000000100000000)
  region size 1024K, 99 young (101376K), 2 survivors (2048K)
 Metaspace       used 119087K, capacity 122763K, committed 123064K, reserved 1157120K
  class space    used 14881K, capacity 16307K, committed 16564K, reserved 1048576K
}
Event: 996.004 GC heap after
{Heap after GC invocations=37 (full 0):
 garbage-first heap   total 260096K, used 105028K [0x0000000080000000, 0x0000000100000000)
  region size 1024K, 3 young (3072K), 3 survivors (3072K)
 Metaspace       used 119087K, capacity 122763K, committed 123064K, reserved 1157120K
  class space    used 14881K, capacity 16307K, committed 16564K, reserved 1048576K
}
Event: 996.410 GC heap before
{Heap before GC invocations=37 (full 0):
 garbage-first heap   total 260096K, used 207428K [0x0000000080000000, 0x0000000100000000)
  region size 1024K, 102 young (104448K), 3 survivors (3072K)
 Metaspace       used 119212K, capacity 122895K, committed 123320K, reserved 1157120K
  class space    used 14881K, capacity 16307K, committed 16564K, reserved 1048576K
}
Event: 996.414 GC heap after
{Heap after GC invocations=38 (full 0):
 garbage-first heap   total 260096K, used 111969K [0x0000000080000000, 0x0000000100000000)
  region size 1024K, 8 young (8192K), 8 survivors (8192K)
 Metaspace       used 119212K, capacity 122895K, committed 123320K, reserved 1157120K
  class space    used 14881K, capacity 16307K, committed 16564K, reserved 1048576K
}
Event: 1064.760 GC heap before
{Heap before GC invocations=38 (full 0):
 garbage-first heap   total 260096K, used 218465K [0x0000000080000000, 0x0000000100000000)
  region size 1024K, 104 young (106496K), 8 survivors (8192K)
 Metaspace       used 119305K, capacity 123135K, committed 123576K, reserved 1157120K
  class space    used 14888K, capacity 16321K, committed 16564K, reserved 1048576K
}
Event: 1064.764 GC heap after
{Heap after GC invocations=39 (full 0):
 garbage-first heap   total 260096K, used 112851K [0x0000000080000000, 0x0000000100000000)
  region size 1024K, 8 young (8192K), 8 survivors (8192K)
 Metaspace       used 119305K, capacity 123135K, committed 123576K, reserved 1157120K
  class space    used 14888K, capacity 16321K, committed 16564K, reserved 1048576K
}

