# JRE version: OpenJDK Runtime Environment (11.0.11+9) (build 11.0.11+9-b60-7590822)
# Java VM: OpenJDK 64-Bit Server VM (11.0.11+9-b60-7590822, mixed mode, tiered, compressed oops, g1 gc, windows-amd64)
Heap:
 garbage-first heap   total 260096K, used 118049K [0x0000000080000000, 0x0000000100000000)
  region size 1024K, 46 young (47104K), 15 survivors (15360K)
 Metaspace       used 107203K, capacity 110862K, committed 111708K, reserved 1144832K
  class space    used 14232K, capacity 15623K, committed 15948K, reserved 1048576K
GC Heap History (20 events):
Event: 2.693 GC heap before
{Heap before GC invocations=4 (full 0):
 garbage-first heap   total 260096K, used 85067K [0x0000000080000000, 0x0000000100000000)
  region size 1024K, 68 young (69632K), 3 survivors (3072K)
 Metaspace       used 35135K, capacity 35858K, committed 35920K, reserved 1081344K
  class space    used 4546K, capacity 4863K, committed 4864K, reserved 1048576K
}
Event: 2.697 GC heap after
{Heap after GC invocations=5 (full 0):
 garbage-first heap   total 260096K, used 23090K [0x0000000080000000, 0x0000000100000000)
  region size 1024K, 6 young (6144K), 6 survivors (6144K)
 Metaspace       used 35135K, capacity 35858K, committed 35920K, reserved 1081344K
  class space    used 4546K, capacity 4863K, committed 4864K, reserved 1048576K
}
Event: 3.514 GC heap before
{Heap before GC invocations=6 (full 0):
 garbage-first heap   total 260096K, used 159282K [0x0000000080000000, 0x0000000100000000)
  region size 1024K, 136 young (139264K), 6 survivors (6144K)
 Metaspace       used 46168K, capacity 47184K, committed 47388K, reserved 1091584K
  class space    used 5919K, capacity 6300K, committed 6348K, reserved 1048576K
}
Event: 3.519 GC heap after
{Heap after GC invocations=7 (full 0):
 garbage-first heap   total 260096K, used 30036K [0x0000000080000000, 0x0000000100000000)
  region size 1024K, 13 young (13312K), 13 survivors (13312K)
 Metaspace       used 46168K, capacity 47184K, committed 47388K, reserved 1091584K
  class space    used 5919K, capacity 6300K, committed 6348K, reserved 1048576K
}
Event: 4.424 GC heap before
{Heap before GC invocations=7 (full 0):
 garbage-first heap   total 260096K, used 176468K [0x0000000080000000, 0x0000000100000000)
  region size 1024K, 152 young (155648K), 13 survivors (13312K)
 Metaspace       used 57141K, capacity 58580K, committed 58908K, reserved 1099776K
  class space    used 7209K, capacity 7748K, committed 7884K, reserved 1048576K
}
Event: 4.432 GC heap after
{Heap after GC invocations=8 (full 0):
 garbage-first heap   total 260096K, used 45171K [0x0000000080000000, 0x0000000100000000)
  region size 1024K, 17 young (17408K), 17 survivors (17408K)
 Metaspace       used 57141K, capacity 58580K, committed 58908K, reserved 1099776K
  class space    used 7209K, capacity 7748K, committed 7884K, reserved 1048576K
}
Event: 4.527 GC heap before
{Heap before GC invocations=8 (full 0):
 garbage-first heap   total 260096K, used 55411K [0x0000000080000000, 0x0000000100000000)
  region size 1024K, 28 young (28672K), 17 survivors (17408K)
 Metaspace       used 58876K, capacity 60256K, committed 60316K, reserved 1101824K
  class space    used 7450K, capacity 7988K, committed 8012K, reserved 1048576K
}
Event: 4.537 GC heap after
{Heap after GC invocations=9 (full 0):
 garbage-first heap   total 260096K, used 47268K [0x0000000080000000, 0x0000000100000000)
  region size 1024K, 3 young (3072K), 3 survivors (3072K)
 Metaspace       used 58876K, capacity 60256K, committed 60316K, reserved 1101824K
  class space    used 7450K, capacity 7988K, committed 8012K, reserved 1048576K
}
Event: 5.299 GC heap before
{Heap before GC invocations=10 (full 0):
 garbage-first heap   total 260096K, used 164004K [0x0000000080000000, 0x0000000100000000)
  region size 1024K, 117 young (119808K), 3 survivors (3072K)
 Metaspace       used 67420K, capacity 68975K, committed 69276K, reserved 1110016K
  class space    used 8594K, capacity 9197K, committed 9292K, reserved 1048576K
}
Event: 5.303 GC heap after
{Heap after GC invocations=11 (full 0):
 garbage-first heap   total 260096K, used 54377K [0x0000000080000000, 0x0000000100000000)
  region size 1024K, 10 young (10240K), 10 survivors (10240K)
 Metaspace       used 67420K, capacity 68975K, committed 69276K, reserved 1110016K
  class space    used 8594K, capacity 9197K, committed 9292K, reserved 1048576K
}
Event: 6.283 GC heap before
{Heap before GC invocations=11 (full 0):
 garbage-first heap   total 260096K, used 173161K [0x0000000080000000, 0x0000000100000000)
  region size 1024K, 126 young (129024K), 10 survivors (10240K)
 Metaspace       used 79781K, capacity 81739K, committed 82076K, reserved 1120256K
  class space    used 10459K, capacity 11223K, committed 11340K, reserved 1048576K
}
Event: 6.290 GC heap after
{Heap after GC invocations=12 (full 0):
 garbage-first heap   total 260096K, used 62379K [0x0000000080000000, 0x0000000100000000)
  region size 1024K, 8 young (8192K), 8 survivors (8192K)
 Metaspace       used 79781K, capacity 81739K, committed 82076K, reserved 1120256K
  class space    used 10459K, capacity 11223K, committed 11340K, reserved 1048576K
}
Event: 6.835 GC heap before
{Heap before GC invocations=12 (full 0):
 garbage-first heap   total 260096K, used 182187K [0x0000000080000000, 0x0000000100000000)
  region size 1024K, 126 young (129024K), 8 survivors (8192K)
 Metaspace       used 82298K, capacity 84706K, committed 84892K, reserved 1122304K
  class space    used 10794K, capacity 11744K, committed 11852K, reserved 1048576K
}
Event: 6.842 GC heap after
{Heap after GC invocations=13 (full 0):
 garbage-first heap   total 260096K, used 69774K [0x0000000080000000, 0x0000000100000000)
  region size 1024K, 16 young (16384K), 16 survivors (16384K)
 Metaspace       used 82298K, capacity 84706K, committed 84892K, reserved 1122304K
  class space    used 10794K, capacity 11744K, committed 11852K, reserved 1048576K
}
Event: 7.669 GC heap before
{Heap before GC invocations=13 (full 0):
 garbage-first heap   total 260096K, used 189582K [0x0000000080000000, 0x0000000100000000)
  region size 1024K, 133 young (136192K), 16 survivors (16384K)
 Metaspace       used 95596K, capacity 99184K, committed 99228K, reserved 1134592K
  class space    used 12996K, capacity 14370K, committed 14412K, reserved 1048576K
}
Event: 7.676 GC heap after
{Heap after GC invocations=14 (full 0):
 garbage-first heap   total 260096K, used 74109K [0x0000000080000000, 0x0000000100000000)
  region size 1024K, 13 young (13312K), 13 survivors (13312K)
 Metaspace       used 95596K, capacity 99184K, committed 99228K, reserved 1134592K
  class space    used 12996K, capacity 14370K, committed 14412K, reserved 1048576K
}
Event: 7.810 GC heap before
{Heap before GC invocations=14 (full 0):
 garbage-first heap   total 260096K, used 97661K [0x0000000080000000, 0x0000000100000000)
  region size 1024K, 38 young (38912K), 13 survivors (13312K)
 Metaspace       used 97241K, capacity 100826K, committed 100956K, reserved 1136640K
  class space    used 13176K, capacity 14569K, committed 14668K, reserved 1048576K
}
Event: 7.816 GC heap after
{Heap after GC invocations=15 (full 0):
 garbage-first heap   total 260096K, used 76485K [0x0000000080000000, 0x0000000100000000)
  region size 1024K, 7 young (7168K), 7 survivors (7168K)
 Metaspace       used 97241K, capacity 100826K, committed 100956K, reserved 1136640K
  class space    used 13176K, capacity 14569K, committed 14668K, reserved 1048576K
}
Event: 147.787 GC heap before
{Heap before GC invocations=16 (full 0):
 garbage-first heap   total 260096K, used 205509K [0x0000000080000000, 0x0000000100000000)
  region size 1024K, 127 young (130048K), 7 survivors (7168K)
 Metaspace       used 104396K, capacity 108289K, committed 108508K, reserved 1142784K
  class space    used 14032K, capacity 15541K, committed 15564K, reserved 1048576K
}
Event: 147.802 GC heap after
{Heap after GC invocations=17 (full 0):
 garbage-first heap   total 260096K, used 85281K [0x0000000080000000, 0x0000000100000000)
  region size 1024K, 15 young (15360K), 15 survivors (15360K)
 Metaspace       used 104396K, capacity 108289K, committed 108508K, reserved 1142784K
  class space    used 14032K, capacity 15541K, committed 15564K, reserved 1048576K
}

